<?xml version="1.0" encoding="UTF-8"?>
<testsuite name="com.waduclay.StringCalculatorTest" tests="2" skipped="0" failures="0" errors="0" timestamp="2025-10-20T19:23:52.005Z" hostname="ABCZWMACWK1" time="0.049">
  <properties/>
  <testcase name="[1] -1,2, Negative not allowed: -1" classname="com.waduclay.StringCalculatorTest" time="0.043"/>
  <testcase name="[2] 2,-4,-5, Negative not allowed: -4,-5" classname="com.waduclay.StringCalculatorTest" time="0.001"/>
  <system-out><![CDATA[]]></system-out>
  <system-err><![CDATA[]]></system-err>
</testsuite>
