<?xml version="1.0" encoding="UTF-8"?>
<testsuite name="com.waduclay.StringCalculatorTest" tests="12" skipped="0" failures="0" errors="0" timestamp="2025-10-20T20:13:17.823Z" hostname="ABCZWMACWK1" time="0.132">
  <properties/>
  <testcase name="mustTakeCommaSeparatedNumbersAndReturnTheirSumAsStringDouble()" classname="com.waduclay.StringCalculatorTest" time="0.024"/>
  <testcase name="mustRejectBackToBackSpecialCharacters()" classname="com.waduclay.StringCalculatorTest" time="0.001"/>
  <testcase name="[1] //;&#10;1;2, 3" classname="com.waduclay.StringCalculatorTest" time="0.026"/>
  <testcase name="[2] //|&#10;1|2|3, 6" classname="com.waduclay.StringCalculatorTest" time="0.001"/>
  <testcase name="[3] //sep&#10;2sep3, 5" classname="com.waduclay.StringCalculatorTest" time="0.001"/>
  <testcase name="[4] //|&#10;1|2,3, '|' expected but ',' found at position 3." classname="com.waduclay.StringCalculatorTest" time="0.002"/>
  <testcase name="mustTakeBothCommaSeparatedAndReturnSeparatedValuesAndReturnTheirSum()" classname="com.waduclay.StringCalculatorTest" time="0.002"/>
  <testcase name="mustTakeCommaSeparatedNumbersAndReturnTheirSum()" classname="com.waduclay.StringCalculatorTest" time="0.001"/>
  <testcase name="mustNotAllowInputToEndInASeparator()" classname="com.waduclay.StringCalculatorTest" time="0.001"/>
  <testcase name="mustReturnZeroForAnEmptyString()" classname="com.waduclay.StringCalculatorTest" time="0.001"/>
  <testcase name="[1] -1,2, Negative not allowed: -1" classname="com.waduclay.StringCalculatorTest" time="0.003"/>
  <testcase name="[2] 2,-4,-5, Negative not allowed: -4,-5" classname="com.waduclay.StringCalculatorTest" time="0.001"/>
  <system-out><![CDATA[]]></system-out>
  <system-err><![CDATA[]]></system-err>
</testsuite>
